<?xml version="1.0" encoding="UTF-8"?>
<testng-results ignored="0" total="28" passed="27" failed="0" skipped="1">
  <reporter-output>
  </reporter-output>
  <suite started-at="2022-12-12T10:58:04 IST" name="Suite" finished-at="2022-12-12T11:11:09 IST" duration-ms="784800">
    <groups>
      <group name="ddt">
        <method signature="TC_003_LoginDDT.test_LoginDDT(java.lang.String, java.lang.String, java.lang.String)[pri:0, instance:testCases.TC_003_LoginDDT@6a192cfe]" name="test_LoginDDT" class="testCases.TC_003_LoginDDT"/>
      </group> <!-- ddt -->
      <group name="regression">
        <method signature="TC_001_AccountRegistrationPage.test_Account_Registration()[pri:0, instance:testCases.TC_001_AccountRegistrationPage@188715b5]" name="test_Account_Registration" class="testCases.TC_001_AccountRegistrationPage"/>
        <method signature="TC_004_Search.test_search()[pri:0, instance:testCases.TC_004_Search@5119fb47]" name="test_search" class="testCases.TC_004_Search"/>
      </group> <!-- regression -->
      <group name="sanity">
        <method signature="TC_002_Login.test_Login()[pri:0, instance:testCases.TC_002_Login@1ea9f6af]" name="test_Login" class="testCases.TC_002_Login"/>
      </group> <!-- sanity -->
      <group name="master">
        <method signature="TC_001_AccountRegistrationPage.test_Account_Registration()[pri:0, instance:testCases.TC_001_AccountRegistrationPage@188715b5]" name="test_Account_Registration" class="testCases.TC_001_AccountRegistrationPage"/>
        <method signature="TC_002_Login.test_Login()[pri:0, instance:testCases.TC_002_Login@1ea9f6af]" name="test_Login" class="testCases.TC_002_Login"/>
      </group> <!-- master -->
    </groups>
    <test started-at="2022-12-12T10:58:04 IST" name="Test" finished-at="2022-12-12T11:11:09 IST" duration-ms="784800">
      <class name="testCases.TC_022_NewsLetter">
        <test-method is-config="true" signature="setup(java.lang.String)[pri:0, instance:testCases.TC_022_NewsLetter@43195e57]" started-at="2022-12-12T11:08:03 IST" name="setup" finished-at="2022-12-12T11:08:06 IST" duration-ms="3671" status="PASS">
          <params>
            <param index="0">
              <value>
                <![CDATA[chrome]]>
              </value>
            </param>
          </params>
          <reporter-output>
          </reporter-output>
        </test-method> <!-- setup -->
        <test-method signature="test_NewsLetter()[pri:0, instance:testCases.TC_022_NewsLetter@43195e57]" started-at="2022-12-12T11:08:06 IST" name="test_NewsLetter" finished-at="2022-12-12T11:08:26 IST" duration-ms="19958" status="PASS">
          <reporter-output>
          </reporter-output>
        </test-method> <!-- test_NewsLetter -->
        <test-method is-config="true" signature="teadDown()[pri:0, instance:testCases.TC_022_NewsLetter@43195e57]" started-at="2022-12-12T11:08:26 IST" name="teadDown" finished-at="2022-12-12T11:08:27 IST" duration-ms="159" status="PASS">
          <reporter-output>
          </reporter-output>
        </test-method> <!-- teadDown -->
      </class> <!-- testCases.TC_022_NewsLetter -->
      <class name="testCases.TC_012_MyAccount">
        <test-method is-config="true" signature="setup(java.lang.String)[pri:0, instance:testCases.TC_012_MyAccount@393671df]" started-at="2022-12-12T11:03:45 IST" name="setup" finished-at="2022-12-12T11:03:50 IST" duration-ms="4198" status="PASS">
          <params>
            <param index="0">
              <value>
                <![CDATA[chrome]]>
              </value>
            </param>
          </params>
          <reporter-output>
          </reporter-output>
        </test-method> <!-- setup -->
        <test-method signature="test_MyAccount()[pri:0, instance:testCases.TC_012_MyAccount@393671df]" started-at="2022-12-12T11:03:50 IST" name="test_MyAccount" finished-at="2022-12-12T11:04:19 IST" duration-ms="29522" status="PASS">
          <reporter-output>
          </reporter-output>
        </test-method> <!-- test_MyAccount -->
        <test-method is-config="true" signature="teadDown()[pri:0, instance:testCases.TC_012_MyAccount@393671df]" started-at="2022-12-12T11:04:19 IST" name="teadDown" finished-at="2022-12-12T11:04:19 IST" duration-ms="158" status="PASS">
          <reporter-output>
          </reporter-output>
        </test-method> <!-- teadDown -->
      </class> <!-- testCases.TC_012_MyAccount -->
      <class name="testCases.TC_014_ChangePassword">
        <test-method is-config="true" signature="setup(java.lang.String)[pri:0, instance:testCases.TC_014_ChangePassword@6eda5c9]" started-at="2022-12-12T11:04:47 IST" name="setup" finished-at="2022-12-12T11:04:51 IST" duration-ms="3850" status="PASS">
          <params>
            <param index="0">
              <value>
                <![CDATA[chrome]]>
              </value>
            </param>
          </params>
          <reporter-output>
          </reporter-output>
        </test-method> <!-- setup -->
        <test-method signature="test_Change_password()[pri:0, instance:testCases.TC_014_ChangePassword@6eda5c9]" started-at="2022-12-12T11:04:51 IST" name="test_Change_password" finished-at="2022-12-12T11:05:18 IST" duration-ms="26860" status="PASS">
          <reporter-output>
          </reporter-output>
        </test-method> <!-- test_Change_password -->
        <test-method is-config="true" signature="teadDown()[pri:0, instance:testCases.TC_014_ChangePassword@6eda5c9]" started-at="2022-12-12T11:05:18 IST" name="teadDown" finished-at="2022-12-12T11:05:18 IST" duration-ms="206" status="PASS">
          <reporter-output>
          </reporter-output>
        </test-method> <!-- teadDown -->
      </class> <!-- testCases.TC_014_ChangePassword -->
      <class name="testCases.TC_004_Search">
        <test-method is-config="true" signature="setup(java.lang.String)[pri:0, instance:testCases.TC_004_Search@5119fb47]" started-at="2022-12-12T10:59:46 IST" name="setup" finished-at="2022-12-12T10:59:49 IST" duration-ms="3443" status="PASS">
          <params>
            <param index="0">
              <value>
                <![CDATA[chrome]]>
              </value>
            </param>
          </params>
          <reporter-output>
          </reporter-output>
        </test-method> <!-- setup -->
        <test-method signature="test_search()[pri:0, instance:testCases.TC_004_Search@5119fb47]" started-at="2022-12-12T10:59:49 IST" name="test_search" finished-at="2022-12-12T11:00:09 IST" duration-ms="20385" status="PASS">
          <reporter-output>
          </reporter-output>
        </test-method> <!-- test_search -->
        <test-method is-config="true" signature="teadDown()[pri:0, instance:testCases.TC_004_Search@5119fb47]" started-at="2022-12-12T11:00:09 IST" name="teadDown" finished-at="2022-12-12T11:00:10 IST" duration-ms="376" status="PASS">
          <reporter-output>
          </reporter-output>
        </test-method> <!-- teadDown -->
      </class> <!-- testCases.TC_004_Search -->
      <class name="testCases.TC_013_MyAccountInformation">
        <test-method is-config="true" signature="setup(java.lang.String)[pri:0, instance:testCases.TC_013_MyAccountInformation@56620197]" started-at="2022-12-12T11:04:19 IST" name="setup" finished-at="2022-12-12T11:04:24 IST" duration-ms="4695" status="PASS">
          <params>
            <param index="0">
              <value>
                <![CDATA[chrome]]>
              </value>
            </param>
          </params>
          <reporter-output>
          </reporter-output>
        </test-method> <!-- setup -->
        <test-method signature="test_MyAccountInformation()[pri:0, instance:testCases.TC_013_MyAccountInformation@56620197]" started-at="2022-12-12T11:04:24 IST" name="test_MyAccountInformation" finished-at="2022-12-12T11:04:47 IST" duration-ms="23445" status="PASS">
          <reporter-output>
          </reporter-output>
        </test-method> <!-- test_MyAccountInformation -->
        <test-method is-config="true" signature="teadDown()[pri:0, instance:testCases.TC_013_MyAccountInformation@56620197]" started-at="2022-12-12T11:04:47 IST" name="teadDown" finished-at="2022-12-12T11:04:47 IST" duration-ms="133" status="PASS">
          <reporter-output>
          </reporter-output>
        </test-method> <!-- teadDown -->
      </class> <!-- testCases.TC_013_MyAccountInformation -->
      <class name="testCases.TC_027_GiftCertificate">
        <test-method is-config="true" signature="setup(java.lang.String)[pri:0, instance:testCases.TC_027_GiftCertificate@498d318c]" started-at="2022-12-12T11:10:28 IST" name="setup" finished-at="2022-12-12T11:10:33 IST" duration-ms="5617" status="PASS">
          <params>
            <param index="0">
              <value>
                <![CDATA[chrome]]>
              </value>
            </param>
          </params>
          <reporter-output>
          </reporter-output>
        </test-method> <!-- setup -->
        <test-method signature="test_GiftCertificate()[pri:0, instance:testCases.TC_027_GiftCertificate@498d318c]" started-at="2022-12-12T11:10:33 IST" name="test_GiftCertificate" finished-at="2022-12-12T11:11:08 IST" duration-ms="35105" status="PASS">
          <reporter-output>
          </reporter-output>
        </test-method> <!-- test_GiftCertificate -->
        <test-method is-config="true" signature="teadDown()[pri:0, instance:testCases.TC_027_GiftCertificate@498d318c]" started-at="2022-12-12T11:11:08 IST" name="teadDown" finished-at="2022-12-12T11:11:09 IST" duration-ms="277" status="PASS">
          <reporter-output>
          </reporter-output>
        </test-method> <!-- teadDown -->
      </class> <!-- testCases.TC_027_GiftCertificate -->
      <class name="testCases.TC_003_LoginDDT">
        <test-method is-config="true" signature="setup(java.lang.String)[pri:0, instance:testCases.TC_003_LoginDDT@6a192cfe]" started-at="2022-12-12T10:58:41 IST" name="setup" finished-at="2022-12-12T10:58:49 IST" duration-ms="8001" status="PASS">
          <params>
            <param index="0">
              <value>
                <![CDATA[chrome]]>
              </value>
            </param>
          </params>
          <reporter-output>
          </reporter-output>
        </test-method> <!-- setup -->
        <test-method signature="test_LoginDDT(java.lang.String, java.lang.String, java.lang.String)[pri:0, instance:testCases.TC_003_LoginDDT@6a192cfe]" started-at="2022-12-12T10:58:54 IST" name="test_LoginDDT" data-provider="LoginData" finished-at="2022-12-12T10:59:01 IST" duration-ms="6453" status="PASS">
          <params>
            <param index="0">
              <value>
                <![CDATA[onkarpatil1234@gmail.com]]>
              </value>
            </param>
            <param index="1">
              <value>
                <![CDATA[Onkar@1234]]>
              </value>
            </param>
            <param index="2">
              <value>
                <![CDATA[Valid]]>
              </value>
            </param>
          </params>
          <reporter-output>
          </reporter-output>
        </test-method> <!-- test_LoginDDT -->
        <test-method signature="test_LoginDDT(java.lang.String, java.lang.String, java.lang.String)[pri:0, instance:testCases.TC_003_LoginDDT@6a192cfe]" started-at="2022-12-12T10:59:01 IST" name="test_LoginDDT" data-provider="LoginData" finished-at="2022-12-12T10:59:13 IST" duration-ms="12720" status="PASS">
          <params>
            <param index="0">
              <value>
                <![CDATA[onkarpatil1234@gmail.com]]>
              </value>
            </param>
            <param index="1">
              <value>
                <![CDATA[Onkar]]>
              </value>
            </param>
            <param index="2">
              <value>
                <![CDATA[Invalid]]>
              </value>
            </param>
          </params>
          <reporter-output>
          </reporter-output>
        </test-method> <!-- test_LoginDDT -->
        <test-method signature="test_LoginDDT(java.lang.String, java.lang.String, java.lang.String)[pri:0, instance:testCases.TC_003_LoginDDT@6a192cfe]" started-at="2022-12-12T10:59:13 IST" name="test_LoginDDT" data-provider="LoginData" finished-at="2022-12-12T10:59:26 IST" duration-ms="12905" status="PASS">
          <params>
            <param index="0">
              <value>
                <![CDATA[onkarpatil@gmail.com]]>
              </value>
            </param>
            <param index="1">
              <value>
                <![CDATA[Onkar@1234]]>
              </value>
            </param>
            <param index="2">
              <value>
                <![CDATA[Invalid]]>
              </value>
            </param>
          </params>
          <reporter-output>
          </reporter-output>
        </test-method> <!-- test_LoginDDT -->
        <test-method signature="test_LoginDDT(java.lang.String, java.lang.String, java.lang.String)[pri:0, instance:testCases.TC_003_LoginDDT@6a192cfe]" started-at="2022-12-12T10:59:26 IST" name="test_LoginDDT" data-provider="LoginData" finished-at="2022-12-12T10:59:40 IST" duration-ms="14187" status="PASS">
          <params>
            <param index="0">
              <value>
                <![CDATA[onkarpatil@gmail.com]]>
              </value>
            </param>
            <param index="1">
              <value>
                <![CDATA[Onkar]]>
              </value>
            </param>
            <param index="2">
              <value>
                <![CDATA[Invalid]]>
              </value>
            </param>
          </params>
          <reporter-output>
          </reporter-output>
        </test-method> <!-- test_LoginDDT -->
        <test-method is-config="true" signature="teadDown()[pri:0, instance:testCases.TC_003_LoginDDT@6a192cfe]" started-at="2022-12-12T10:59:40 IST" name="teadDown" finished-at="2022-12-12T10:59:46 IST" duration-ms="5179" status="PASS">
          <reporter-output>
          </reporter-output>
        </test-method> <!-- teadDown -->
      </class> <!-- testCases.TC_003_LoginDDT -->
      <class name="testCases.TC_019_ReturnRequest">
        <test-method is-config="true" signature="setup(java.lang.String)[pri:0, instance:testCases.TC_019_ReturnRequest@1afd44cb]" started-at="2022-12-12T11:07:03 IST" name="setup" finished-at="2022-12-12T11:07:06 IST" duration-ms="2774" status="PASS">
          <params>
            <param index="0">
              <value>
                <![CDATA[chrome]]>
              </value>
            </param>
          </params>
          <reporter-output>
          </reporter-output>
        </test-method> <!-- setup -->
        <test-method signature="test_ReturnRequest()[pri:0, instance:testCases.TC_019_ReturnRequest@1afd44cb]" started-at="2022-12-12T11:07:06 IST" name="test_ReturnRequest" finished-at="2022-12-12T11:07:20 IST" duration-ms="14575" status="PASS">
          <reporter-output>
          </reporter-output>
        </test-method> <!-- test_ReturnRequest -->
        <test-method is-config="true" signature="teadDown()[pri:0, instance:testCases.TC_019_ReturnRequest@1afd44cb]" started-at="2022-12-12T11:07:20 IST" name="teadDown" finished-at="2022-12-12T11:07:21 IST" duration-ms="306" status="PASS">
          <reporter-output>
          </reporter-output>
        </test-method> <!-- teadDown -->
      </class> <!-- testCases.TC_019_ReturnRequest -->
      <class name="testCases.TC_016_Order_History">
        <test-method is-config="true" signature="setup(java.lang.String)[pri:0, instance:testCases.TC_016_Order_History@5f058f00]" started-at="2022-12-12T11:05:49 IST" name="setup" finished-at="2022-12-12T11:05:51 IST" duration-ms="2731" status="PASS">
          <params>
            <param index="0">
              <value>
                <![CDATA[chrome]]>
              </value>
            </param>
          </params>
          <reporter-output>
          </reporter-output>
        </test-method> <!-- setup -->
        <test-method signature="test_Order_History()[pri:0, instance:testCases.TC_016_Order_History@5f058f00]" started-at="2022-12-12T11:05:51 IST" name="test_Order_History" finished-at="2022-12-12T11:06:19 IST" duration-ms="28046" status="PASS">
          <reporter-output>
          </reporter-output>
        </test-method> <!-- test_Order_History -->
        <test-method is-config="true" signature="teadDown()[pri:0, instance:testCases.TC_016_Order_History@5f058f00]" started-at="2022-12-12T11:06:19 IST" name="teadDown" finished-at="2022-12-12T11:06:19 IST" duration-ms="176" status="PASS">
          <reporter-output>
          </reporter-output>
        </test-method> <!-- teadDown -->
      </class> <!-- testCases.TC_016_Order_History -->
      <class name="testCases.TC_015_AddressBook">
        <test-method is-config="true" signature="setup(java.lang.String)[pri:0, instance:testCases.TC_015_AddressBook@55b7a4e0]" started-at="2022-12-12T11:05:18 IST" name="setup" finished-at="2022-12-12T11:05:21 IST" duration-ms="2991" status="PASS">
          <params>
            <param index="0">
              <value>
                <![CDATA[chrome]]>
              </value>
            </param>
          </params>
          <reporter-output>
          </reporter-output>
        </test-method> <!-- setup -->
        <test-method signature="test_AddressBook()[pri:0, instance:testCases.TC_015_AddressBook@55b7a4e0]" started-at="2022-12-12T11:05:21 IST" name="test_AddressBook" finished-at="2022-12-12T11:05:48 IST" duration-ms="26882" status="PASS">
          <reporter-output>
          </reporter-output>
        </test-method> <!-- test_AddressBook -->
        <test-method is-config="true" signature="teadDown()[pri:0, instance:testCases.TC_015_AddressBook@55b7a4e0]" started-at="2022-12-12T11:05:48 IST" name="teadDown" finished-at="2022-12-12T11:05:49 IST" duration-ms="268" status="PASS">
          <reporter-output>
          </reporter-output>
        </test-method> <!-- teadDown -->
      </class> <!-- testCases.TC_015_AddressBook -->
      <class name="testCases.TC_001_AccountRegistrationPage">
        <test-method is-config="true" signature="setup(java.lang.String)[pri:0, instance:testCases.TC_001_AccountRegistrationPage@188715b5]" started-at="2022-12-12T10:58:04 IST" name="setup" finished-at="2022-12-12T10:58:12 IST" duration-ms="7749" status="PASS">
          <params>
            <param index="0">
              <value>
                <![CDATA[chrome]]>
              </value>
            </param>
          </params>
          <reporter-output>
          </reporter-output>
        </test-method> <!-- setup -->
        <test-method signature="test_Account_Registration()[pri:0, instance:testCases.TC_001_AccountRegistrationPage@188715b5]" started-at="2022-12-12T10:58:12 IST" name="test_Account_Registration" finished-at="2022-12-12T10:58:28 IST" duration-ms="16144" status="PASS">
          <reporter-output>
          </reporter-output>
        </test-method> <!-- test_Account_Registration -->
        <test-method is-config="true" signature="teadDown()[pri:0, instance:testCases.TC_001_AccountRegistrationPage@188715b5]" started-at="2022-12-12T10:58:28 IST" name="teadDown" finished-at="2022-12-12T10:58:28 IST" duration-ms="222" status="PASS">
          <reporter-output>
          </reporter-output>
        </test-method> <!-- teadDown -->
      </class> <!-- testCases.TC_001_AccountRegistrationPage -->
      <class name="testCases.TC_021_RecurringPayment">
        <test-method is-config="true" signature="setup(java.lang.String)[pri:0, instance:testCases.TC_021_RecurringPayment@1ab3a8c8]" started-at="2022-12-12T11:07:45 IST" name="setup" finished-at="2022-12-12T11:07:48 IST" duration-ms="2904" status="PASS">
          <params>
            <param index="0">
              <value>
                <![CDATA[chrome]]>
              </value>
            </param>
          </params>
          <reporter-output>
          </reporter-output>
        </test-method> <!-- setup -->
        <test-method signature="test_RecurringPayment()[pri:0, instance:testCases.TC_021_RecurringPayment@1ab3a8c8]" started-at="2022-12-12T11:07:48 IST" name="test_RecurringPayment" finished-at="2022-12-12T11:08:03 IST" duration-ms="14500" status="PASS">
          <reporter-output>
          </reporter-output>
        </test-method> <!-- test_RecurringPayment -->
        <test-method is-config="true" signature="teadDown()[pri:0, instance:testCases.TC_021_RecurringPayment@1ab3a8c8]" started-at="2022-12-12T11:08:03 IST" name="teadDown" finished-at="2022-12-12T11:08:03 IST" duration-ms="153" status="PASS">
          <reporter-output>
          </reporter-output>
        </test-method> <!-- teadDown -->
      </class> <!-- testCases.TC_021_RecurringPayment -->
      <class name="testCases.TC_010_ShoppingCart">
        <test-method is-config="true" signature="setup(java.lang.String)[pri:0, instance:testCases.TC_010_ShoppingCart@20ce78ec]" started-at="2022-12-12T11:02:45 IST" name="setup" finished-at="2022-12-12T11:02:48 IST" duration-ms="3504" status="PASS">
          <params>
            <param index="0">
              <value>
                <![CDATA[chrome]]>
              </value>
            </param>
          </params>
          <reporter-output>
          </reporter-output>
        </test-method> <!-- setup -->
        <test-method signature="test_ShoppingCart()[pri:0, instance:testCases.TC_010_ShoppingCart@20ce78ec]" started-at="2022-12-12T11:02:48 IST" name="test_ShoppingCart" finished-at="2022-12-12T11:03:41 IST" duration-ms="52381" status="PASS">
          <reporter-output>
          </reporter-output>
        </test-method> <!-- test_ShoppingCart -->
        <test-method is-config="true" signature="teadDown()[pri:0, instance:testCases.TC_010_ShoppingCart@20ce78ec]" started-at="2022-12-12T11:03:41 IST" name="teadDown" finished-at="2022-12-12T11:03:45 IST" duration-ms="4630" status="PASS">
          <reporter-output>
          </reporter-output>
        </test-method> <!-- teadDown -->
      </class> <!-- testCases.TC_010_ShoppingCart -->
      <class name="testCases.TC_005_Forgot_Password">
        <test-method is-config="true" signature="setup(java.lang.String)[pri:0, instance:testCases.TC_005_Forgot_Password@7193666c]" started-at="2022-12-12T11:00:10 IST" name="setup" finished-at="2022-12-12T11:00:14 IST" duration-ms="4754" status="PASS">
          <params>
            <param index="0">
              <value>
                <![CDATA[chrome]]>
              </value>
            </param>
          </params>
          <reporter-output>
          </reporter-output>
        </test-method> <!-- setup -->
        <test-method signature="test_Forgot_Password()[pri:0, instance:testCases.TC_005_Forgot_Password@7193666c]" started-at="2022-12-12T11:00:14 IST" name="test_Forgot_Password" finished-at="2022-12-12T11:00:38 IST" duration-ms="23858" status="PASS">
          <reporter-output>
          </reporter-output>
        </test-method> <!-- test_Forgot_Password -->
        <test-method is-config="true" signature="teadDown()[pri:0, instance:testCases.TC_005_Forgot_Password@7193666c]" started-at="2022-12-12T11:00:38 IST" name="teadDown" finished-at="2022-12-12T11:00:39 IST" duration-ms="193" status="PASS">
          <reporter-output>
          </reporter-output>
        </test-method> <!-- teadDown -->
      </class> <!-- testCases.TC_005_Forgot_Password -->
      <class name="testCases.TC_025_FooterOption">
        <test-method is-config="true" signature="setup(java.lang.String)[pri:0, instance:testCases.TC_025_FooterOption@40ef3420]" started-at="2022-12-12T11:09:25 IST" name="setup" finished-at="2022-12-12T11:10:28 IST" duration-ms="62226" status="FAIL">
          <params>
            <param index="0">
              <value>
                <![CDATA[chrome]]>
              </value>
            </param>
          </params>
          <exception class="org.openqa.selenium.SessionNotCreatedException">
            <message>
              <![CDATA[Could not start a new session. Response code 500. Message: chrome not reachable
Build info: version: '4.1.4', revision: '535d840ee2'
System info: host: 'DESKTOP-QUHMG70', ip: '192.168.39.176', os.name: 'Windows 10', os.arch: 'amd64', os.version: '10.0', java.version: '17.0.2'
Driver info: org.openqa.selenium.chrome.ChromeDriver
Command: [null, newSession {capabilities=[Capabilities {browserName: chrome, goog:chromeOptions: {args: [], extensions: []}}], desiredCapabilities=Capabilities {browserName: chrome, goog:chromeOptions: {args: [], extensions: []}}}]]]>
            </message>
            <full-stacktrace>
              <![CDATA[org.openqa.selenium.SessionNotCreatedException: Could not start a new session. Response code 500. Message: chrome not reachable
Build info: version: '4.1.4', revision: '535d840ee2'
System info: host: 'DESKTOP-QUHMG70', ip: '192.168.39.176', os.name: 'Windows 10', os.arch: 'amd64', os.version: '10.0', java.version: '17.0.2'
Driver info: org.openqa.selenium.chrome.ChromeDriver
Command: [null, newSession {capabilities=[Capabilities {browserName: chrome, goog:chromeOptions: {args: [], extensions: []}}], desiredCapabilities=Capabilities {browserName: chrome, goog:chromeOptions: {args: [], extensions: []}}}]
at org.openqa.selenium.remote.ProtocolHandshake.createSession(ProtocolHandshake.java:126)
at org.openqa.selenium.remote.ProtocolHandshake.createSession(ProtocolHandshake.java:84)
at org.openqa.selenium.remote.ProtocolHandshake.createSession(ProtocolHandshake.java:62)
at org.openqa.selenium.remote.HttpCommandExecutor.execute(HttpCommandExecutor.java:156)
at org.openqa.selenium.remote.service.DriverCommandExecutor.invokeExecute(DriverCommandExecutor.java:167)
at org.openqa.selenium.remote.service.DriverCommandExecutor.execute(DriverCommandExecutor.java:142)
at org.openqa.selenium.remote.RemoteWebDriver.execute(RemoteWebDriver.java:567)
at org.openqa.selenium.remote.RemoteWebDriver.startSession(RemoteWebDriver.java:248)
at org.openqa.selenium.remote.RemoteWebDriver.<init>(RemoteWebDriver.java:164)
at org.openqa.selenium.chromium.ChromiumDriver.<init>(ChromiumDriver.java:108)
at org.openqa.selenium.chrome.ChromeDriver.<init>(ChromeDriver.java:106)
at org.openqa.selenium.chrome.ChromeDriver.<init>(ChromeDriver.java:93)
at org.openqa.selenium.chrome.ChromeDriver.<init>(ChromeDriver.java:48)
at testBase.BaseClass.setup(BaseClass.java:42)
at jdk.internal.reflect.GeneratedMethodAccessor3.invoke(Unknown Source)
at java.base/jdk.internal.reflect.DelegatingMethodAccessorImpl.invoke(DelegatingMethodAccessorImpl.java:43)
at java.base/java.lang.reflect.Method.invoke(Method.java:568)
at org.testng.internal.MethodInvocationHelper.invokeMethod(MethodInvocationHelper.java:133)
at org.testng.internal.MethodInvocationHelper.invokeMethodConsideringTimeout(MethodInvocationHelper.java:62)
at org.testng.internal.ConfigInvoker.invokeConfigurationMethod(ConfigInvoker.java:340)
at org.testng.internal.ConfigInvoker.invokeConfigurations(ConfigInvoker.java:294)
at org.testng.internal.TestMethodWorker.invokeBeforeClassMethods(TestMethodWorker.java:176)
at org.testng.internal.TestMethodWorker.run(TestMethodWorker.java:122)
at java.base/java.util.ArrayList.forEach(ArrayList.java:1511)
at org.testng.TestRunner.privateRun(TestRunner.java:770)
at org.testng.TestRunner.run(TestRunner.java:591)
at org.testng.SuiteRunner.runTest(SuiteRunner.java:402)
at org.testng.SuiteRunner.runSequentially(SuiteRunner.java:396)
at org.testng.SuiteRunner.privateRun(SuiteRunner.java:355)
at org.testng.SuiteRunner.run(SuiteRunner.java:304)
at org.testng.SuiteRunnerWorker.runSuite(SuiteRunnerWorker.java:53)
at org.testng.SuiteRunnerWorker.run(SuiteRunnerWorker.java:96)
at org.testng.TestNG.runSuitesSequentially(TestNG.java:1180)
at org.testng.TestNG.runSuitesLocally(TestNG.java:1102)
at org.testng.TestNG.runSuites(TestNG.java:1032)
at org.testng.TestNG.run(TestNG.java:1000)
at org.testng.remote.AbstractRemoteTestNG.run(AbstractRemoteTestNG.java:115)
at org.testng.remote.RemoteTestNG.initAndRun(RemoteTestNG.java:251)
at org.testng.remote.RemoteTestNG.main(RemoteTestNG.java:77)
]]>
            </full-stacktrace>
          </exception> <!-- org.openqa.selenium.SessionNotCreatedException -->
          <reporter-output>
          </reporter-output>
        </test-method> <!-- setup -->
        <test-method signature="test_FooterOption()[pri:0, instance:testCases.TC_025_FooterOption@40ef3420]" started-at="2022-12-12T11:10:28 IST" name="test_FooterOption" finished-at="2022-12-12T11:10:28 IST" duration-ms="0" status="SKIP">
          <exception class="org.openqa.selenium.SessionNotCreatedException">
            <message>
              <![CDATA[Could not start a new session. Response code 500. Message: chrome not reachable
Build info: version: '4.1.4', revision: '535d840ee2'
System info: host: 'DESKTOP-QUHMG70', ip: '192.168.39.176', os.name: 'Windows 10', os.arch: 'amd64', os.version: '10.0', java.version: '17.0.2'
Driver info: org.openqa.selenium.chrome.ChromeDriver
Command: [null, newSession {capabilities=[Capabilities {browserName: chrome, goog:chromeOptions: {args: [], extensions: []}}], desiredCapabilities=Capabilities {browserName: chrome, goog:chromeOptions: {args: [], extensions: []}}}]]]>
            </message>
            <full-stacktrace>
              <![CDATA[org.openqa.selenium.SessionNotCreatedException: Could not start a new session. Response code 500. Message: chrome not reachable
Build info: version: '4.1.4', revision: '535d840ee2'
System info: host: 'DESKTOP-QUHMG70', ip: '192.168.39.176', os.name: 'Windows 10', os.arch: 'amd64', os.version: '10.0', java.version: '17.0.2'
Driver info: org.openqa.selenium.chrome.ChromeDriver
Command: [null, newSession {capabilities=[Capabilities {browserName: chrome, goog:chromeOptions: {args: [], extensions: []}}], desiredCapabilities=Capabilities {browserName: chrome, goog:chromeOptions: {args: [], extensions: []}}}]
at org.openqa.selenium.remote.ProtocolHandshake.createSession(ProtocolHandshake.java:126)
at org.openqa.selenium.remote.ProtocolHandshake.createSession(ProtocolHandshake.java:84)
at org.openqa.selenium.remote.ProtocolHandshake.createSession(ProtocolHandshake.java:62)
at org.openqa.selenium.remote.HttpCommandExecutor.execute(HttpCommandExecutor.java:156)
at org.openqa.selenium.remote.service.DriverCommandExecutor.invokeExecute(DriverCommandExecutor.java:167)
at org.openqa.selenium.remote.service.DriverCommandExecutor.execute(DriverCommandExecutor.java:142)
at org.openqa.selenium.remote.RemoteWebDriver.execute(RemoteWebDriver.java:567)
at org.openqa.selenium.remote.RemoteWebDriver.startSession(RemoteWebDriver.java:248)
at org.openqa.selenium.remote.RemoteWebDriver.<init>(RemoteWebDriver.java:164)
at org.openqa.selenium.chromium.ChromiumDriver.<init>(ChromiumDriver.java:108)
at org.openqa.selenium.chrome.ChromeDriver.<init>(ChromeDriver.java:106)
at org.openqa.selenium.chrome.ChromeDriver.<init>(ChromeDriver.java:93)
at org.openqa.selenium.chrome.ChromeDriver.<init>(ChromeDriver.java:48)
at testBase.BaseClass.setup(BaseClass.java:42)
at jdk.internal.reflect.GeneratedMethodAccessor3.invoke(Unknown Source)
at java.base/jdk.internal.reflect.DelegatingMethodAccessorImpl.invoke(DelegatingMethodAccessorImpl.java:43)
at java.base/java.lang.reflect.Method.invoke(Method.java:568)
at org.testng.internal.MethodInvocationHelper.invokeMethod(MethodInvocationHelper.java:133)
at org.testng.internal.MethodInvocationHelper.invokeMethodConsideringTimeout(MethodInvocationHelper.java:62)
at org.testng.internal.ConfigInvoker.invokeConfigurationMethod(ConfigInvoker.java:340)
at org.testng.internal.ConfigInvoker.invokeConfigurations(ConfigInvoker.java:294)
at org.testng.internal.TestMethodWorker.invokeBeforeClassMethods(TestMethodWorker.java:176)
at org.testng.internal.TestMethodWorker.run(TestMethodWorker.java:122)
at java.base/java.util.ArrayList.forEach(ArrayList.java:1511)
at org.testng.TestRunner.privateRun(TestRunner.java:770)
at org.testng.TestRunner.run(TestRunner.java:591)
at org.testng.SuiteRunner.runTest(SuiteRunner.java:402)
at org.testng.SuiteRunner.runSequentially(SuiteRunner.java:396)
at org.testng.SuiteRunner.privateRun(SuiteRunner.java:355)
at org.testng.SuiteRunner.run(SuiteRunner.java:304)
at org.testng.SuiteRunnerWorker.runSuite(SuiteRunnerWorker.java:53)
at org.testng.SuiteRunnerWorker.run(SuiteRunnerWorker.java:96)
at org.testng.TestNG.runSuitesSequentially(TestNG.java:1180)
at org.testng.TestNG.runSuitesLocally(TestNG.java:1102)
at org.testng.TestNG.runSuites(TestNG.java:1032)
at org.testng.TestNG.run(TestNG.java:1000)
at org.testng.remote.AbstractRemoteTestNG.run(AbstractRemoteTestNG.java:115)
at org.testng.remote.RemoteTestNG.initAndRun(RemoteTestNG.java:251)
at org.testng.remote.RemoteTestNG.main(RemoteTestNG.java:77)
]]>
            </full-stacktrace>
          </exception> <!-- org.openqa.selenium.SessionNotCreatedException -->
          <reporter-output>
          </reporter-output>
        </test-method> <!-- test_FooterOption -->
        <test-method is-config="true" signature="teadDown()[pri:0, instance:testCases.TC_025_FooterOption@40ef3420]" started-at="2022-12-12T11:10:28 IST" name="teadDown" finished-at="1970-01-01T05:30:00 IST" duration-ms="-1670823628091" status="SKIP">
          <reporter-output>
          </reporter-output>
        </test-method> <!-- teadDown -->
      </class> <!-- testCases.TC_025_FooterOption -->
      <class name="testCases.TC_017_Downloads">
        <test-method is-config="true" signature="setup(java.lang.String)[pri:0, instance:testCases.TC_017_Downloads@192d43ce]" started-at="2022-12-12T11:06:19 IST" name="setup" finished-at="2022-12-12T11:06:23 IST" duration-ms="3596" status="PASS">
          <params>
            <param index="0">
              <value>
                <![CDATA[chrome]]>
              </value>
            </param>
          </params>
          <reporter-output>
          </reporter-output>
        </test-method> <!-- setup -->
        <test-method signature="test_Downloads()[pri:0, instance:testCases.TC_017_Downloads@192d43ce]" started-at="2022-12-12T11:06:23 IST" name="test_Downloads" finished-at="2022-12-12T11:06:42 IST" duration-ms="19124" status="PASS">
          <reporter-output>
          </reporter-output>
        </test-method> <!-- test_Downloads -->
        <test-method is-config="true" signature="teadDown()[pri:0, instance:testCases.TC_017_Downloads@192d43ce]" started-at="2022-12-12T11:06:42 IST" name="teadDown" finished-at="2022-12-12T11:06:42 IST" duration-ms="191" status="PASS">
          <reporter-output>
          </reporter-output>
        </test-method> <!-- teadDown -->
      </class> <!-- testCases.TC_017_Downloads -->
      <class name="testCases.TC_008_ProductDisplayPage">
        <test-method is-config="true" signature="setup(java.lang.String)[pri:0, instance:testCases.TC_008_ProductDisplayPage@1dde4cb2]" started-at="2022-12-12T11:01:23 IST" name="setup" finished-at="2022-12-12T11:01:27 IST" duration-ms="4496" status="PASS">
          <params>
            <param index="0">
              <value>
                <![CDATA[chrome]]>
              </value>
            </param>
          </params>
          <reporter-output>
          </reporter-output>
        </test-method> <!-- setup -->
        <test-method signature="test_productdisplaypage()[pri:0, instance:testCases.TC_008_ProductDisplayPage@1dde4cb2]" started-at="2022-12-12T11:01:27 IST" name="test_productdisplaypage" finished-at="2022-12-12T11:02:00 IST" duration-ms="32767" status="PASS">
          <reporter-output>
          </reporter-output>
        </test-method> <!-- test_productdisplaypage -->
        <test-method is-config="true" signature="teadDown()[pri:0, instance:testCases.TC_008_ProductDisplayPage@1dde4cb2]" started-at="2022-12-12T11:02:00 IST" name="teadDown" finished-at="2022-12-12T11:02:01 IST" duration-ms="717" status="PASS">
          <reporter-output>
          </reporter-output>
        </test-method> <!-- teadDown -->
      </class> <!-- testCases.TC_008_ProductDisplayPage -->
      <class name="testCases.TC_006_AddToCart">
        <test-method is-config="true" signature="setup(java.lang.String)[pri:0, instance:testCases.TC_006_AddToCart@20deea7f]" started-at="2022-12-12T11:00:39 IST" name="setup" finished-at="2022-12-12T11:00:42 IST" duration-ms="3876" status="PASS">
          <params>
            <param index="0">
              <value>
                <![CDATA[chrome]]>
              </value>
            </param>
          </params>
          <reporter-output>
          </reporter-output>
        </test-method> <!-- setup -->
        <test-method signature="test_AddToCart()[pri:0, instance:testCases.TC_006_AddToCart@20deea7f]" started-at="2022-12-12T11:00:42 IST" name="test_AddToCart" finished-at="2022-12-12T11:00:58 IST" duration-ms="15919" status="PASS">
          <reporter-output>
          </reporter-output>
        </test-method> <!-- test_AddToCart -->
        <test-method is-config="true" signature="teadDown()[pri:0, instance:testCases.TC_006_AddToCart@20deea7f]" started-at="2022-12-12T11:00:58 IST" name="teadDown" finished-at="2022-12-12T11:00:59 IST" duration-ms="209" status="PASS">
          <reporter-output>
          </reporter-output>
        </test-method> <!-- teadDown -->
      </class> <!-- testCases.TC_006_AddToCart -->
      <class name="testCases.TC_020_Transactions">
        <test-method is-config="true" signature="setup(java.lang.String)[pri:0, instance:testCases.TC_020_Transactions@6973b51b]" started-at="2022-12-12T11:07:21 IST" name="setup" finished-at="2022-12-12T11:07:24 IST" duration-ms="3175" status="PASS">
          <params>
            <param index="0">
              <value>
                <![CDATA[chrome]]>
              </value>
            </param>
          </params>
          <reporter-output>
          </reporter-output>
        </test-method> <!-- setup -->
        <test-method signature="test_Transactions()[pri:0, instance:testCases.TC_020_Transactions@6973b51b]" started-at="2022-12-12T11:07:24 IST" name="test_Transactions" finished-at="2022-12-12T11:07:44 IST" duration-ms="20232" status="PASS">
          <reporter-output>
          </reporter-output>
        </test-method> <!-- test_Transactions -->
        <test-method is-config="true" signature="teadDown()[pri:0, instance:testCases.TC_020_Transactions@6973b51b]" started-at="2022-12-12T11:07:44 IST" name="teadDown" finished-at="2022-12-12T11:07:45 IST" duration-ms="1169" status="PASS">
          <reporter-output>
          </reporter-output>
        </test-method> <!-- teadDown -->
      </class> <!-- testCases.TC_020_Transactions -->
      <class name="testCases.TC_024_ContactUs">
        <test-method is-config="true" signature="setup(java.lang.String)[pri:0, instance:testCases.TC_024_ContactUs@479d31f3]" started-at="2022-12-12T11:08:57 IST" name="setup" finished-at="2022-12-12T11:09:02 IST" duration-ms="4497" status="PASS">
          <params>
            <param index="0">
              <value>
                <![CDATA[chrome]]>
              </value>
            </param>
          </params>
          <reporter-output>
          </reporter-output>
        </test-method> <!-- setup -->
        <test-method signature="test_ContactUs()[pri:0, instance:testCases.TC_024_ContactUs@479d31f3]" started-at="2022-12-12T11:09:02 IST" name="test_ContactUs" finished-at="2022-12-12T11:09:25 IST" duration-ms="23185" status="PASS">
          <reporter-output>
          </reporter-output>
        </test-method> <!-- test_ContactUs -->
        <test-method is-config="true" signature="teadDown()[pri:0, instance:testCases.TC_024_ContactUs@479d31f3]" started-at="2022-12-12T11:09:25 IST" name="teadDown" finished-at="2022-12-12T11:09:25 IST" duration-ms="304" status="PASS">
          <reporter-output>
          </reporter-output>
        </test-method> <!-- teadDown -->
      </class> <!-- testCases.TC_024_ContactUs -->
      <class name="testCases.TC_018_RewardsPoint">
        <test-method is-config="true" signature="setup(java.lang.String)[pri:0, instance:testCases.TC_018_RewardsPoint@72057ecf]" started-at="2022-12-12T11:06:42 IST" name="setup" finished-at="2022-12-12T11:06:46 IST" duration-ms="3381" status="PASS">
          <params>
            <param index="0">
              <value>
                <![CDATA[chrome]]>
              </value>
            </param>
          </params>
          <reporter-output>
          </reporter-output>
        </test-method> <!-- setup -->
        <test-method signature="test_RewardsPoint()[pri:0, instance:testCases.TC_018_RewardsPoint@72057ecf]" started-at="2022-12-12T11:06:46 IST" name="test_RewardsPoint" finished-at="2022-12-12T11:07:03 IST" duration-ms="17064" status="PASS">
          <reporter-output>
          </reporter-output>
        </test-method> <!-- test_RewardsPoint -->
        <test-method is-config="true" signature="teadDown()[pri:0, instance:testCases.TC_018_RewardsPoint@72057ecf]" started-at="2022-12-12T11:07:03 IST" name="teadDown" finished-at="2022-12-12T11:07:03 IST" duration-ms="149" status="PASS">
          <reporter-output>
          </reporter-output>
        </test-method> <!-- teadDown -->
      </class> <!-- testCases.TC_018_RewardsPoint -->
      <class name="testCases.TC_002_Login">
        <test-method is-config="true" signature="setup(java.lang.String)[pri:0, instance:testCases.TC_002_Login@1ea9f6af]" started-at="2022-12-12T10:58:28 IST" name="setup" finished-at="2022-12-12T10:58:31 IST" duration-ms="2967" status="PASS">
          <params>
            <param index="0">
              <value>
                <![CDATA[chrome]]>
              </value>
            </param>
          </params>
          <reporter-output>
          </reporter-output>
        </test-method> <!-- setup -->
        <test-method signature="test_Login()[pri:0, instance:testCases.TC_002_Login@1ea9f6af]" started-at="2022-12-12T10:58:31 IST" name="test_Login" finished-at="2022-12-12T10:58:40 IST" duration-ms="8906" status="PASS">
          <reporter-output>
          </reporter-output>
        </test-method> <!-- test_Login -->
        <test-method is-config="true" signature="teadDown()[pri:0, instance:testCases.TC_002_Login@1ea9f6af]" started-at="2022-12-12T10:58:40 IST" name="teadDown" finished-at="2022-12-12T10:58:41 IST" duration-ms="171" status="PASS">
          <reporter-output>
          </reporter-output>
        </test-method> <!-- teadDown -->
      </class> <!-- testCases.TC_002_Login -->
      <class name="testCases.TC_007_CompareProduct">
        <test-method is-config="true" signature="setup(java.lang.String)[pri:0, instance:testCases.TC_007_CompareProduct@3835c46]" started-at="2022-12-12T11:00:59 IST" name="setup" finished-at="2022-12-12T11:01:02 IST" duration-ms="3465" status="PASS">
          <params>
            <param index="0">
              <value>
                <![CDATA[chrome]]>
              </value>
            </param>
          </params>
          <reporter-output>
          </reporter-output>
        </test-method> <!-- setup -->
        <test-method signature="test_compareproduct()[pri:0, instance:testCases.TC_007_CompareProduct@3835c46]" started-at="2022-12-12T11:01:02 IST" name="test_compareproduct" finished-at="2022-12-12T11:01:23 IST" duration-ms="20571" status="PASS">
          <reporter-output>
          </reporter-output>
        </test-method> <!-- test_compareproduct -->
        <test-method is-config="true" signature="teadDown()[pri:0, instance:testCases.TC_007_CompareProduct@3835c46]" started-at="2022-12-12T11:01:23 IST" name="teadDown" finished-at="2022-12-12T11:01:23 IST" duration-ms="374" status="PASS">
          <reporter-output>
          </reporter-output>
        </test-method> <!-- teadDown -->
      </class> <!-- testCases.TC_007_CompareProduct -->
      <class name="testCases.TC_009_WishList">
        <test-method is-config="true" signature="setup(java.lang.String)[pri:0, instance:testCases.TC_009_WishList@7714e963]" started-at="2022-12-12T11:02:01 IST" name="setup" finished-at="2022-12-12T11:02:04 IST" duration-ms="3411" status="PASS">
          <params>
            <param index="0">
              <value>
                <![CDATA[chrome]]>
              </value>
            </param>
          </params>
          <reporter-output>
          </reporter-output>
        </test-method> <!-- setup -->
        <test-method signature="test_wishlist()[pri:0, instance:testCases.TC_009_WishList@7714e963]" started-at="2022-12-12T11:02:04 IST" name="test_wishlist" finished-at="2022-12-12T11:02:41 IST" duration-ms="36222" status="PASS">
          <reporter-output>
          </reporter-output>
        </test-method> <!-- test_wishlist -->
        <test-method is-config="true" signature="teadDown()[pri:0, instance:testCases.TC_009_WishList@7714e963]" started-at="2022-12-12T11:02:41 IST" name="teadDown" finished-at="2022-12-12T11:02:45 IST" duration-ms="4228" status="PASS">
          <reporter-output>
          </reporter-output>
        </test-method> <!-- teadDown -->
      </class> <!-- testCases.TC_009_WishList -->
      <class name="testCases.TC_023_Affiliate">
        <test-method is-config="true" signature="setup(java.lang.String)[pri:0, instance:testCases.TC_023_Affiliate@333291e3]" started-at="2022-12-12T11:08:27 IST" name="setup" finished-at="2022-12-12T11:08:29 IST" duration-ms="2864" status="PASS">
          <params>
            <param index="0">
              <value>
                <![CDATA[chrome]]>
              </value>
            </param>
          </params>
          <reporter-output>
          </reporter-output>
        </test-method> <!-- setup -->
        <test-method signature="test_Affiliate()[pri:0, instance:testCases.TC_023_Affiliate@333291e3]" started-at="2022-12-12T11:08:29 IST" name="test_Affiliate" finished-at="2022-12-12T11:08:57 IST" duration-ms="27732" status="PASS">
          <reporter-output>
          </reporter-output>
        </test-method> <!-- test_Affiliate -->
        <test-method is-config="true" signature="teadDown()[pri:0, instance:testCases.TC_023_Affiliate@333291e3]" started-at="2022-12-12T11:08:57 IST" name="teadDown" finished-at="2022-12-12T11:08:57 IST" duration-ms="179" status="PASS">
          <reporter-output>
          </reporter-output>
        </test-method> <!-- teadDown -->
      </class> <!-- testCases.TC_023_Affiliate -->
    </test> <!-- Test -->
  </suite> <!-- Suite -->
</testng-results>
