<?xml version="1.0" encoding="UTF-8"?>
<!-- Generated by org.testng.reporters.JUnitXMLReporter -->
<testsuite ignored="0" hostname="DESKTOP-QUHMG70" failures="0" tests="28" name="Test" time="784.8" errors="0" timestamp="2022-12-12T11:11:09 IST">
  <testcase classname="testBase.BaseClass" name="@BeforeClass setup" time="62.226">
    <failure type="org.openqa.selenium.SessionNotCreatedException" message="Could not start a new session. Response code 500. Message: chrome not reachable
Build info: version: &amp;apos;4.1.4&amp;apos;, revision: &amp;apos;535d840ee2&amp;apos;
System info: host: &amp;apos;DESKTOP-QUHMG70&amp;apos;, ip: &amp;apos;192.168.39.176&amp;apos;, os.name: &amp;apos;Windows 10&amp;apos;, os.arch: &amp;apos;amd64&amp;apos;, os.version: &amp;apos;10.0&amp;apos;, java.version: &amp;apos;17.0.2&amp;apos;
Driver info: org.openqa.selenium.chrome.ChromeDriver
Command: [null, newSession {capabilities=[Capabilities {browserName: chrome, goog:chromeOptions: {args: [], extensions: []}}], desiredCapabilities=Capabilities {browserName: chrome, goog:chromeOptions: {args: [], extensions: []}}}]">
      <![CDATA[org.openqa.selenium.SessionNotCreatedException: Could not start a new session. Response code 500. Message: chrome not reachable
Build info: version: '4.1.4', revision: '535d840ee2'
System info: host: 'DESKTOP-QUHMG70', ip: '192.168.39.176', os.name: 'Windows 10', os.arch: 'amd64', os.version: '10.0', java.version: '17.0.2'
Driver info: org.openqa.selenium.chrome.ChromeDriver
Command: [null, newSession {capabilities=[Capabilities {browserName: chrome, goog:chromeOptions: {args: [], extensions: []}}], desiredCapabilities=Capabilities {browserName: chrome, goog:chromeOptions: {args: [], extensions: []}}}]
at org.openqa.selenium.remote.ProtocolHandshake.createSession(ProtocolHandshake.java:126)
at org.openqa.selenium.remote.ProtocolHandshake.createSession(ProtocolHandshake.java:84)
at org.openqa.selenium.remote.ProtocolHandshake.createSession(ProtocolHandshake.java:62)
at org.openqa.selenium.remote.HttpCommandExecutor.execute(HttpCommandExecutor.java:156)
at org.openqa.selenium.remote.service.DriverCommandExecutor.invokeExecute(DriverCommandExecutor.java:167)
at org.openqa.selenium.remote.service.DriverCommandExecutor.execute(DriverCommandExecutor.java:142)
at org.openqa.selenium.remote.RemoteWebDriver.execute(RemoteWebDriver.java:567)
at org.openqa.selenium.remote.RemoteWebDriver.startSession(RemoteWebDriver.java:248)
at org.openqa.selenium.remote.RemoteWebDriver.<init>(RemoteWebDriver.java:164)
at org.openqa.selenium.chromium.ChromiumDriver.<init>(ChromiumDriver.java:108)
at org.openqa.selenium.chrome.ChromeDriver.<init>(ChromeDriver.java:106)
at org.openqa.selenium.chrome.ChromeDriver.<init>(ChromeDriver.java:93)
at org.openqa.selenium.chrome.ChromeDriver.<init>(ChromeDriver.java:48)
at testBase.BaseClass.setup(BaseClass.java:42)
at java.base/java.util.ArrayList.forEach(ArrayList.java:1511)
... Removed 24 stack frames]]>
    </failure>
  </testcase> <!-- @BeforeClass setup -->
  <testcase classname="testBase.BaseClass" name="@AfterClass teadDown" time="-1.670823628091E9">
    <skipped/>
  </testcase> <!-- @AfterClass teadDown -->
  <testcase classname="testCases.TC_001_AccountRegistrationPage" name="test_Account_Registration" time="16.144"/>
  <testcase classname="testCases.TC_002_Login" name="test_Login" time="8.906"/>
  <testcase classname="testCases.TC_003_LoginDDT" name="test_LoginDDT" time="6.453"/>
  <testcase classname="testCases.TC_003_LoginDDT" name="test_LoginDDT" time="12.72"/>
  <testcase classname="testCases.TC_003_LoginDDT" name="test_LoginDDT" time="12.905"/>
  <testcase classname="testCases.TC_003_LoginDDT" name="test_LoginDDT" time="14.187"/>
  <testcase classname="testCases.TC_004_Search" name="test_search" time="20.385"/>
  <testcase classname="testCases.TC_005_Forgot_Password" name="test_Forgot_Password" time="23.858"/>
  <testcase classname="testCases.TC_006_AddToCart" name="test_AddToCart" time="15.919"/>
  <testcase classname="testCases.TC_007_CompareProduct" name="test_compareproduct" time="20.571"/>
  <testcase classname="testCases.TC_008_ProductDisplayPage" name="test_productdisplaypage" time="32.767"/>
  <testcase classname="testCases.TC_009_WishList" name="test_wishlist" time="36.222"/>
  <testcase classname="testCases.TC_010_ShoppingCart" name="test_ShoppingCart" time="52.381"/>
  <testcase classname="testCases.TC_012_MyAccount" name="test_MyAccount" time="29.522"/>
  <testcase classname="testCases.TC_013_MyAccountInformation" name="test_MyAccountInformation" time="23.445"/>
  <testcase classname="testCases.TC_014_ChangePassword" name="test_Change_password" time="26.86"/>
  <testcase classname="testCases.TC_015_AddressBook" name="test_AddressBook" time="26.882"/>
  <testcase classname="testCases.TC_016_Order_History" name="test_Order_History" time="28.046"/>
  <testcase classname="testCases.TC_017_Downloads" name="test_Downloads" time="19.124"/>
  <testcase classname="testCases.TC_018_RewardsPoint" name="test_RewardsPoint" time="17.064"/>
  <testcase classname="testCases.TC_019_ReturnRequest" name="test_ReturnRequest" time="14.575"/>
  <testcase classname="testCases.TC_020_Transactions" name="test_Transactions" time="20.232"/>
  <testcase classname="testCases.TC_021_RecurringPayment" name="test_RecurringPayment" time="14.5"/>
  <testcase classname="testCases.TC_022_NewsLetter" name="test_NewsLetter" time="19.958"/>
  <testcase classname="testCases.TC_023_Affiliate" name="test_Affiliate" time="27.732"/>
  <testcase classname="testCases.TC_024_ContactUs" name="test_ContactUs" time="23.185"/>
  <testcase classname="testCases.TC_025_FooterOption" name="test_FooterOption" time="0.0">
    <skipped/>
  </testcase> <!-- test_FooterOption -->
  <testcase classname="testCases.TC_027_GiftCertificate" name="test_GiftCertificate" time="35.105"/>
</testsuite> <!-- Test -->
