<html>
<head>
<title>TestNG:  Test</title>
<link href="../testng.css" rel="stylesheet" type="text/css" />
<link href="../my-testng.css" rel="stylesheet" type="text/css" />

<style type="text/css">
.log { display: none;} 
.stack-trace { display: none;} 
</style>
<script type="text/javascript">
<!--
function flip(e) {
  current = e.style.display;
  if (current == 'block') {
    e.style.display = 'none';
    return 0;
  }
  else {
    e.style.display = 'block';
    return 1;
  }
}

function toggleBox(szDivId, elem, msg1, msg2)
{
  var res = -1;  if (document.getElementById) {
    res = flip(document.getElementById(szDivId));
  }
  else if (document.all) {
    // this is the way old msie versions work
    res = flip(document.all[szDivId]);
  }
  if(elem) {
    if(res == 0) elem.innerHTML = msg1; else elem.innerHTML = msg2;
  }

}

function toggleAllBoxes() {
  if (document.getElementsByTagName) {
    d = document.getElementsByTagName('div');
    for (i = 0; i < d.length; i++) {
      if (d[i].className == 'log') {
        flip(d[i]);
      }
    }
  }
}

// -->
</script>

</head>
<body>
<h2 align='center'>Test</h2><table border='1' align="center">
<tr>
<td>Tests passed/Failed/Skipped:</td><td>27/0/1</td>
</tr><tr>
<td>Started on:</td><td>Mon Dec 12 10:58:04 IST 2022</td>
</tr>
<tr><td>Total time:</td><td>784 seconds (784800 ms)</td>
</tr><tr>
<td>Included groups:</td><td></td>
</tr><tr>
<td>Excluded groups:</td><td></td>
</tr>
</table><p/>
<small><i>(Hover the method name to see the test class name)</i></small><p/>
<table width='100%' border='1' class='invocation-failed'>
<tr><td colspan='4' align='center'><b>FAILED CONFIGURATIONS</b></td></tr>
<tr><td><b>Test method</b></td>
<td width="30%"><b>Exception</b></td>
<td width="10%"><b>Time (seconds)</b></td>
<td><b>Instance</b></td>
</tr>
<tr>
<td title='testCases.TC_025_FooterOption.setup()'><b>setup</b><br>Test class: testCases.TC_025_FooterOption<br>Parameters: chrome</td>
<td><div><pre>org.openqa.selenium.SessionNotCreatedException: Could not start a new session. Response code 500. Message: chrome not reachable
Build info: version: &apos;4.1.4&apos;, revision: &apos;535d840ee2&apos;
System info: host: &apos;DESKTOP-QUHMG70&apos;, ip: &apos;192.168.39.176&apos;, os.name: &apos;Windows 10&apos;, os.arch: &apos;amd64&apos;, os.version: &apos;10.0&apos;, java.version: &apos;17.0.2&apos;
Driver info: org.openqa.selenium.chrome.ChromeDriver
Command: [null, newSession {capabilities=[Capabilities {browserName: chrome, goog:chromeOptions: {args: [], extensions: []}}], desiredCapabilities=Capabilities {browserName: chrome, goog:chromeOptions: {args: [], extensions: []}}}]
	at org.openqa.selenium.remote.ProtocolHandshake.createSession(ProtocolHandshake.java:126)
	at org.openqa.selenium.remote.ProtocolHandshake.createSession(ProtocolHandshake.java:84)
	at org.openqa.selenium.remote.ProtocolHandshake.createSession(ProtocolHandshake.java:62)
	at org.openqa.selenium.remote.HttpCommandExecutor.execute(HttpCommandExecutor.java:156)
	at org.openqa.selenium.remote.service.DriverCommandExecutor.invokeExecute(DriverCommandExecutor.java:167)
	at org.openqa.selenium.remote.service.DriverCommandExecutor.execute(DriverCommandExecutor.java:142)
	at org.openqa.selenium.remote.RemoteWebDriver.execute(RemoteWebDriver.java:567)
	at org.openqa.selenium.remote.RemoteWebDriver.startSession(RemoteWebDriver.java:248)
	at org.openqa.selenium.remote.RemoteWebDriver.&lt;init&gt;(RemoteWebDriver.java:164)
	at org.openqa.selenium.chromium.ChromiumDriver.&lt;init&gt;(ChromiumDriver.java:108)
	at org.openqa.selenium.chrome.ChromeDriver.&lt;init&gt;(ChromeDriver.java:106)
	at org.openqa.selenium.chrome.ChromeDriver.&lt;init&gt;(ChromeDriver.java:93)
	at org.openqa.selenium.chrome.ChromeDriver.&lt;init&gt;(ChromeDriver.java:48)
	at testBase.BaseClass.setup(BaseClass.java:42)
	at java.base/java.util.ArrayList.forEach(ArrayList.java:1511)
... Removed 24 stack frames</pre></div><a href='#' onClick='toggleBox("stack-trace1581539326", this, "Click to show all stack frames", "Click to hide stack frames")'>Click to show all stack frames</a>
<div class='stack-trace' id='stack-trace1581539326'><pre>org.openqa.selenium.SessionNotCreatedException: Could not start a new session. Response code 500. Message: chrome not reachable
Build info: version: &apos;4.1.4&apos;, revision: &apos;535d840ee2&apos;
System info: host: &apos;DESKTOP-QUHMG70&apos;, ip: &apos;192.168.39.176&apos;, os.name: &apos;Windows 10&apos;, os.arch: &apos;amd64&apos;, os.version: &apos;10.0&apos;, java.version: &apos;17.0.2&apos;
Driver info: org.openqa.selenium.chrome.ChromeDriver
Command: [null, newSession {capabilities=[Capabilities {browserName: chrome, goog:chromeOptions: {args: [], extensions: []}}], desiredCapabilities=Capabilities {browserName: chrome, goog:chromeOptions: {args: [], extensions: []}}}]
	at org.openqa.selenium.remote.ProtocolHandshake.createSession(ProtocolHandshake.java:126)
	at org.openqa.selenium.remote.ProtocolHandshake.createSession(ProtocolHandshake.java:84)
	at org.openqa.selenium.remote.ProtocolHandshake.createSession(ProtocolHandshake.java:62)
	at org.openqa.selenium.remote.HttpCommandExecutor.execute(HttpCommandExecutor.java:156)
	at org.openqa.selenium.remote.service.DriverCommandExecutor.invokeExecute(DriverCommandExecutor.java:167)
	at org.openqa.selenium.remote.service.DriverCommandExecutor.execute(DriverCommandExecutor.java:142)
	at org.openqa.selenium.remote.RemoteWebDriver.execute(RemoteWebDriver.java:567)
	at org.openqa.selenium.remote.RemoteWebDriver.startSession(RemoteWebDriver.java:248)
	at org.openqa.selenium.remote.RemoteWebDriver.&lt;init&gt;(RemoteWebDriver.java:164)
	at org.openqa.selenium.chromium.ChromiumDriver.&lt;init&gt;(ChromiumDriver.java:108)
	at org.openqa.selenium.chrome.ChromeDriver.&lt;init&gt;(ChromeDriver.java:106)
	at org.openqa.selenium.chrome.ChromeDriver.&lt;init&gt;(ChromeDriver.java:93)
	at org.openqa.selenium.chrome.ChromeDriver.&lt;init&gt;(ChromeDriver.java:48)
	at testBase.BaseClass.setup(BaseClass.java:42)
	at jdk.internal.reflect.GeneratedMethodAccessor3.invoke(Unknown Source)
	at java.base/jdk.internal.reflect.DelegatingMethodAccessorImpl.invoke(DelegatingMethodAccessorImpl.java:43)
	at java.base/java.lang.reflect.Method.invoke(Method.java:568)
	at org.testng.internal.MethodInvocationHelper.invokeMethod(MethodInvocationHelper.java:133)
	at org.testng.internal.MethodInvocationHelper.invokeMethodConsideringTimeout(MethodInvocationHelper.java:62)
	at org.testng.internal.ConfigInvoker.invokeConfigurationMethod(ConfigInvoker.java:340)
	at org.testng.internal.ConfigInvoker.invokeConfigurations(ConfigInvoker.java:294)
	at org.testng.internal.TestMethodWorker.invokeBeforeClassMethods(TestMethodWorker.java:176)
	at org.testng.internal.TestMethodWorker.run(TestMethodWorker.java:122)
	at java.base/java.util.ArrayList.forEach(ArrayList.java:1511)
	at org.testng.TestRunner.privateRun(TestRunner.java:770)
	at org.testng.TestRunner.run(TestRunner.java:591)
	at org.testng.SuiteRunner.runTest(SuiteRunner.java:402)
	at org.testng.SuiteRunner.runSequentially(SuiteRunner.java:396)
	at org.testng.SuiteRunner.privateRun(SuiteRunner.java:355)
	at org.testng.SuiteRunner.run(SuiteRunner.java:304)
	at org.testng.SuiteRunnerWorker.runSuite(SuiteRunnerWorker.java:53)
	at org.testng.SuiteRunnerWorker.run(SuiteRunnerWorker.java:96)
	at org.testng.TestNG.runSuitesSequentially(TestNG.java:1180)
	at org.testng.TestNG.runSuitesLocally(TestNG.java:1102)
	at org.testng.TestNG.runSuites(TestNG.java:1032)
	at org.testng.TestNG.run(TestNG.java:1000)
	at org.testng.remote.AbstractRemoteTestNG.run(AbstractRemoteTestNG.java:115)
	at org.testng.remote.RemoteTestNG.initAndRun(RemoteTestNG.java:251)
	at org.testng.remote.RemoteTestNG.main(RemoteTestNG.java:77)
</pre></div></td>
<td>62</td>
<td>testCases.TC_025_FooterOption@40ef3420</td></tr>
</table><p>
<table width='100%' border='1' class='invocation-skipped'>
<tr><td colspan='4' align='center'><b>SKIPPED CONFIGURATIONS</b></td></tr>
<tr><td><b>Test method</b></td>
<td width="30%"><b>Exception</b></td>
<td width="10%"><b>Time (seconds)</b></td>
<td><b>Instance</b></td>
</tr>
<tr>
<td title='testCases.TC_025_FooterOption.teadDown()'><b>teadDown</b><br>Test class: testCases.TC_025_FooterOption</td>
<td></td>
<td>-1670823628</td>
<td>testCases.TC_025_FooterOption@40ef3420</td></tr>
</table><p>
<table width='100%' border='1' class='invocation-passed'>
<tr><td colspan='4' align='center'><b>PASSED TESTS</b></td></tr>
<tr><td><b>Test method</b></td>
<td width="30%"><b>Exception</b></td>
<td width="10%"><b>Time (seconds)</b></td>
<td><b>Instance</b></td>
</tr>
<tr>
<td title='testCases.TC_001_AccountRegistrationPage.test_Account_Registration()'><b>test_Account_Registration</b><br>Test class: testCases.TC_001_AccountRegistrationPage</td>
<td></td>
<td>16</td>
<td>testCases.TC_001_AccountRegistrationPage@188715b5</td></tr>
<tr>
<td title='testCases.TC_006_AddToCart.test_AddToCart()'><b>test_AddToCart</b><br>Test class: testCases.TC_006_AddToCart</td>
<td></td>
<td>15</td>
<td>testCases.TC_006_AddToCart@20deea7f</td></tr>
<tr>
<td title='testCases.TC_015_AddressBook.test_AddressBook()'><b>test_AddressBook</b><br>Test class: testCases.TC_015_AddressBook</td>
<td></td>
<td>26</td>
<td>testCases.TC_015_AddressBook@55b7a4e0</td></tr>
<tr>
<td title='testCases.TC_023_Affiliate.test_Affiliate()'><b>test_Affiliate</b><br>Test class: testCases.TC_023_Affiliate</td>
<td></td>
<td>27</td>
<td>testCases.TC_023_Affiliate@333291e3</td></tr>
<tr>
<td title='testCases.TC_014_ChangePassword.test_Change_password()'><b>test_Change_password</b><br>Test class: testCases.TC_014_ChangePassword</td>
<td></td>
<td>26</td>
<td>testCases.TC_014_ChangePassword@6eda5c9</td></tr>
<tr>
<td title='testCases.TC_024_ContactUs.test_ContactUs()'><b>test_ContactUs</b><br>Test class: testCases.TC_024_ContactUs</td>
<td></td>
<td>23</td>
<td>testCases.TC_024_ContactUs@479d31f3</td></tr>
<tr>
<td title='testCases.TC_017_Downloads.test_Downloads()'><b>test_Downloads</b><br>Test class: testCases.TC_017_Downloads</td>
<td></td>
<td>19</td>
<td>testCases.TC_017_Downloads@192d43ce</td></tr>
<tr>
<td title='testCases.TC_005_Forgot_Password.test_Forgot_Password()'><b>test_Forgot_Password</b><br>Test class: testCases.TC_005_Forgot_Password</td>
<td></td>
<td>23</td>
<td>testCases.TC_005_Forgot_Password@7193666c</td></tr>
<tr>
<td title='testCases.TC_027_GiftCertificate.test_GiftCertificate()'><b>test_GiftCertificate</b><br>Test class: testCases.TC_027_GiftCertificate</td>
<td></td>
<td>35</td>
<td>testCases.TC_027_GiftCertificate@498d318c</td></tr>
<tr>
<td title='testCases.TC_002_Login.test_Login()'><b>test_Login</b><br>Test class: testCases.TC_002_Login</td>
<td></td>
<td>8</td>
<td>testCases.TC_002_Login@1ea9f6af</td></tr>
<tr>
<td title='testCases.TC_003_LoginDDT.test_LoginDDT()'><b>test_LoginDDT</b><br>Test class: testCases.TC_003_LoginDDT<br>Parameters: onkarpatil1234@gmail.com, Onkar@1234, Valid</td>
<td></td>
<td>6</td>
<td>testCases.TC_003_LoginDDT@6a192cfe</td></tr>
<tr>
<td title='testCases.TC_003_LoginDDT.test_LoginDDT()'><b>test_LoginDDT</b><br>Test class: testCases.TC_003_LoginDDT<br>Parameters: onkarpatil1234@gmail.com, Onkar, Invalid</td>
<td></td>
<td>12</td>
<td>testCases.TC_003_LoginDDT@6a192cfe</td></tr>
<tr>
<td title='testCases.TC_003_LoginDDT.test_LoginDDT()'><b>test_LoginDDT</b><br>Test class: testCases.TC_003_LoginDDT<br>Parameters: onkarpatil@gmail.com, Onkar@1234, Invalid</td>
<td></td>
<td>12</td>
<td>testCases.TC_003_LoginDDT@6a192cfe</td></tr>
<tr>
<td title='testCases.TC_003_LoginDDT.test_LoginDDT()'><b>test_LoginDDT</b><br>Test class: testCases.TC_003_LoginDDT<br>Parameters: onkarpatil@gmail.com, Onkar, Invalid</td>
<td></td>
<td>14</td>
<td>testCases.TC_003_LoginDDT@6a192cfe</td></tr>
<tr>
<td title='testCases.TC_012_MyAccount.test_MyAccount()'><b>test_MyAccount</b><br>Test class: testCases.TC_012_MyAccount</td>
<td></td>
<td>29</td>
<td>testCases.TC_012_MyAccount@393671df</td></tr>
<tr>
<td title='testCases.TC_013_MyAccountInformation.test_MyAccountInformation()'><b>test_MyAccountInformation</b><br>Test class: testCases.TC_013_MyAccountInformation</td>
<td></td>
<td>23</td>
<td>testCases.TC_013_MyAccountInformation@56620197</td></tr>
<tr>
<td title='testCases.TC_022_NewsLetter.test_NewsLetter()'><b>test_NewsLetter</b><br>Test class: testCases.TC_022_NewsLetter</td>
<td></td>
<td>19</td>
<td>testCases.TC_022_NewsLetter@43195e57</td></tr>
<tr>
<td title='testCases.TC_016_Order_History.test_Order_History()'><b>test_Order_History</b><br>Test class: testCases.TC_016_Order_History</td>
<td></td>
<td>28</td>
<td>testCases.TC_016_Order_History@5f058f00</td></tr>
<tr>
<td title='testCases.TC_021_RecurringPayment.test_RecurringPayment()'><b>test_RecurringPayment</b><br>Test class: testCases.TC_021_RecurringPayment</td>
<td></td>
<td>14</td>
<td>testCases.TC_021_RecurringPayment@1ab3a8c8</td></tr>
<tr>
<td title='testCases.TC_019_ReturnRequest.test_ReturnRequest()'><b>test_ReturnRequest</b><br>Test class: testCases.TC_019_ReturnRequest</td>
<td></td>
<td>14</td>
<td>testCases.TC_019_ReturnRequest@1afd44cb</td></tr>
<tr>
<td title='testCases.TC_018_RewardsPoint.test_RewardsPoint()'><b>test_RewardsPoint</b><br>Test class: testCases.TC_018_RewardsPoint</td>
<td></td>
<td>17</td>
<td>testCases.TC_018_RewardsPoint@72057ecf</td></tr>
<tr>
<td title='testCases.TC_010_ShoppingCart.test_ShoppingCart()'><b>test_ShoppingCart</b><br>Test class: testCases.TC_010_ShoppingCart</td>
<td></td>
<td>52</td>
<td>testCases.TC_010_ShoppingCart@20ce78ec</td></tr>
<tr>
<td title='testCases.TC_020_Transactions.test_Transactions()'><b>test_Transactions</b><br>Test class: testCases.TC_020_Transactions</td>
<td></td>
<td>20</td>
<td>testCases.TC_020_Transactions@6973b51b</td></tr>
<tr>
<td title='testCases.TC_007_CompareProduct.test_compareproduct()'><b>test_compareproduct</b><br>Test class: testCases.TC_007_CompareProduct</td>
<td></td>
<td>20</td>
<td>testCases.TC_007_CompareProduct@3835c46</td></tr>
<tr>
<td title='testCases.TC_008_ProductDisplayPage.test_productdisplaypage()'><b>test_productdisplaypage</b><br>Test class: testCases.TC_008_ProductDisplayPage</td>
<td></td>
<td>32</td>
<td>testCases.TC_008_ProductDisplayPage@1dde4cb2</td></tr>
<tr>
<td title='testCases.TC_004_Search.test_search()'><b>test_search</b><br>Test class: testCases.TC_004_Search</td>
<td></td>
<td>20</td>
<td>testCases.TC_004_Search@5119fb47</td></tr>
<tr>
<td title='testCases.TC_009_WishList.test_wishlist()'><b>test_wishlist</b><br>Test class: testCases.TC_009_WishList</td>
<td></td>
<td>36</td>
<td>testCases.TC_009_WishList@7714e963</td></tr>
</table><p>
<table width='100%' border='1' class='invocation-skipped'>
<tr><td colspan='4' align='center'><b>SKIPPED TESTS</b></td></tr>
<tr><td><b>Test method</b></td>
<td width="30%"><b>Exception</b></td>
<td width="10%"><b>Time (seconds)</b></td>
<td><b>Instance</b></td>
</tr>
<tr>
<td title='testCases.TC_025_FooterOption.test_FooterOption()'><b>test_FooterOption</b><br>Test class: testCases.TC_025_FooterOption</td>
<td><div><pre>org.openqa.selenium.SessionNotCreatedException: Could not start a new session. Response code 500. Message: chrome not reachable
Build info: version: &apos;4.1.4&apos;, revision: &apos;535d840ee2&apos;
System info: host: &apos;DESKTOP-QUHMG70&apos;, ip: &apos;192.168.39.176&apos;, os.name: &apos;Windows 10&apos;, os.arch: &apos;amd64&apos;, os.version: &apos;10.0&apos;, java.version: &apos;17.0.2&apos;
Driver info: org.openqa.selenium.chrome.ChromeDriver
Command: [null, newSession {capabilities=[Capabilities {browserName: chrome, goog:chromeOptions: {args: [], extensions: []}}], desiredCapabilities=Capabilities {browserName: chrome, goog:chromeOptions: {args: [], extensions: []}}}]
	at org.openqa.selenium.remote.ProtocolHandshake.createSession(ProtocolHandshake.java:126)
	at org.openqa.selenium.remote.ProtocolHandshake.createSession(ProtocolHandshake.java:84)
	at org.openqa.selenium.remote.ProtocolHandshake.createSession(ProtocolHandshake.java:62)
	at org.openqa.selenium.remote.HttpCommandExecutor.execute(HttpCommandExecutor.java:156)
	at org.openqa.selenium.remote.service.DriverCommandExecutor.invokeExecute(DriverCommandExecutor.java:167)
	at org.openqa.selenium.remote.service.DriverCommandExecutor.execute(DriverCommandExecutor.java:142)
	at org.openqa.selenium.remote.RemoteWebDriver.execute(RemoteWebDriver.java:567)
	at org.openqa.selenium.remote.RemoteWebDriver.startSession(RemoteWebDriver.java:248)
	at org.openqa.selenium.remote.RemoteWebDriver.&lt;init&gt;(RemoteWebDriver.java:164)
	at org.openqa.selenium.chromium.ChromiumDriver.&lt;init&gt;(ChromiumDriver.java:108)
	at org.openqa.selenium.chrome.ChromeDriver.&lt;init&gt;(ChromeDriver.java:106)
	at org.openqa.selenium.chrome.ChromeDriver.&lt;init&gt;(ChromeDriver.java:93)
	at org.openqa.selenium.chrome.ChromeDriver.&lt;init&gt;(ChromeDriver.java:48)
	at testBase.BaseClass.setup(BaseClass.java:42)
	at java.base/java.util.ArrayList.forEach(ArrayList.java:1511)
... Removed 24 stack frames</pre></div><a href='#' onClick='toggleBox("stack-trace432953722", this, "Click to show all stack frames", "Click to hide stack frames")'>Click to show all stack frames</a>
<div class='stack-trace' id='stack-trace432953722'><pre>org.openqa.selenium.SessionNotCreatedException: Could not start a new session. Response code 500. Message: chrome not reachable
Build info: version: &apos;4.1.4&apos;, revision: &apos;535d840ee2&apos;
System info: host: &apos;DESKTOP-QUHMG70&apos;, ip: &apos;192.168.39.176&apos;, os.name: &apos;Windows 10&apos;, os.arch: &apos;amd64&apos;, os.version: &apos;10.0&apos;, java.version: &apos;17.0.2&apos;
Driver info: org.openqa.selenium.chrome.ChromeDriver
Command: [null, newSession {capabilities=[Capabilities {browserName: chrome, goog:chromeOptions: {args: [], extensions: []}}], desiredCapabilities=Capabilities {browserName: chrome, goog:chromeOptions: {args: [], extensions: []}}}]
	at org.openqa.selenium.remote.ProtocolHandshake.createSession(ProtocolHandshake.java:126)
	at org.openqa.selenium.remote.ProtocolHandshake.createSession(ProtocolHandshake.java:84)
	at org.openqa.selenium.remote.ProtocolHandshake.createSession(ProtocolHandshake.java:62)
	at org.openqa.selenium.remote.HttpCommandExecutor.execute(HttpCommandExecutor.java:156)
	at org.openqa.selenium.remote.service.DriverCommandExecutor.invokeExecute(DriverCommandExecutor.java:167)
	at org.openqa.selenium.remote.service.DriverCommandExecutor.execute(DriverCommandExecutor.java:142)
	at org.openqa.selenium.remote.RemoteWebDriver.execute(RemoteWebDriver.java:567)
	at org.openqa.selenium.remote.RemoteWebDriver.startSession(RemoteWebDriver.java:248)
	at org.openqa.selenium.remote.RemoteWebDriver.&lt;init&gt;(RemoteWebDriver.java:164)
	at org.openqa.selenium.chromium.ChromiumDriver.&lt;init&gt;(ChromiumDriver.java:108)
	at org.openqa.selenium.chrome.ChromeDriver.&lt;init&gt;(ChromeDriver.java:106)
	at org.openqa.selenium.chrome.ChromeDriver.&lt;init&gt;(ChromeDriver.java:93)
	at org.openqa.selenium.chrome.ChromeDriver.&lt;init&gt;(ChromeDriver.java:48)
	at testBase.BaseClass.setup(BaseClass.java:42)
	at jdk.internal.reflect.GeneratedMethodAccessor3.invoke(Unknown Source)
	at java.base/jdk.internal.reflect.DelegatingMethodAccessorImpl.invoke(DelegatingMethodAccessorImpl.java:43)
	at java.base/java.lang.reflect.Method.invoke(Method.java:568)
	at org.testng.internal.MethodInvocationHelper.invokeMethod(MethodInvocationHelper.java:133)
	at org.testng.internal.MethodInvocationHelper.invokeMethodConsideringTimeout(MethodInvocationHelper.java:62)
	at org.testng.internal.ConfigInvoker.invokeConfigurationMethod(ConfigInvoker.java:340)
	at org.testng.internal.ConfigInvoker.invokeConfigurations(ConfigInvoker.java:294)
	at org.testng.internal.TestMethodWorker.invokeBeforeClassMethods(TestMethodWorker.java:176)
	at org.testng.internal.TestMethodWorker.run(TestMethodWorker.java:122)
	at java.base/java.util.ArrayList.forEach(ArrayList.java:1511)
	at org.testng.TestRunner.privateRun(TestRunner.java:770)
	at org.testng.TestRunner.run(TestRunner.java:591)
	at org.testng.SuiteRunner.runTest(SuiteRunner.java:402)
	at org.testng.SuiteRunner.runSequentially(SuiteRunner.java:396)
	at org.testng.SuiteRunner.privateRun(SuiteRunner.java:355)
	at org.testng.SuiteRunner.run(SuiteRunner.java:304)
	at org.testng.SuiteRunnerWorker.runSuite(SuiteRunnerWorker.java:53)
	at org.testng.SuiteRunnerWorker.run(SuiteRunnerWorker.java:96)
	at org.testng.TestNG.runSuitesSequentially(TestNG.java:1180)
	at org.testng.TestNG.runSuitesLocally(TestNG.java:1102)
	at org.testng.TestNG.runSuites(TestNG.java:1032)
	at org.testng.TestNG.run(TestNG.java:1000)
	at org.testng.remote.AbstractRemoteTestNG.run(AbstractRemoteTestNG.java:115)
	at org.testng.remote.RemoteTestNG.initAndRun(RemoteTestNG.java:251)
	at org.testng.remote.RemoteTestNG.main(RemoteTestNG.java:77)
</pre></div></td>
<td>0</td>
<td>testCases.TC_025_FooterOption@40ef3420</td></tr>
</table><p>
</body>
</html>