<?xml version="1.0" encoding="UTF-8"?>
<!-- Generated by org.testng.reporters.JUnitXMLReporter -->
<testsuite ignored="0" hostname="DESKTOP-QUHMG70" failures="1" tests="2" name="ChromeTest" time="19.216" errors="0" timestamp="2022-12-03T08:55:59 IST">
  <testcase classname="day38.ParametreTest" name="testLogo" time="0.048">
    <failure type="java.lang.AssertionError" message="null">
      <![CDATA[java.lang.AssertionError: null
at day38.ParametreTest.testLogo(ParametreTest.java:48)
at java.base/java.util.ArrayList.forEach(ArrayList.java:1511)
at java.base/java.util.concurrent.FutureTask.run(FutureTask.java:264)
at java.base/java.util.concurrent.ThreadPoolExecutor.runWorker(ThreadPoolExecutor.java:1136)
at java.base/java.util.concurrent.ThreadPoolExecutor$Worker.run(ThreadPoolExecutor.java:635)
at java.base/java.lang.Thread.run(Thread.java:833)
... Removed 20 stack frames]]>
    </failure>
  </testcase> <!-- testLogo -->
  <testcase classname="day38.ParametreTest" name="testTitle" time="0.016"/>
</testsuite> <!-- ChromeTest -->
