<?xml version="1.0" encoding="UTF-8"?>
<!-- Generated by org.testng.reporters.JUnitReportReporter -->
<testsuite hostname="DESKTOP-QUHMG70" failures="0" tests="2" name="testCases.TC_011_Checkout" time="50.110" errors="1" timestamp="2022-09-05T08:42:28 IST" skipped="0">
  <testcase classname="testCases.TC_011_Checkout" name="test_Checkout" time="50.082"/>
  <testcase classname="testCases.TC_011_Checkout" name="teadDown" time="0.028">
    <error message="unexpected alert open: {Alert text : SyntaxError: Unexpected token &#039;&lt;&#039;, &quot;&lt;b&gt;Warning&quot;... is not valid JSON
OK
&lt;b&gt;Warning&lt;/b&gt;: mail(): Failed to connect to mailserver at &amp;quot;localhost&amp;quot; port 25, verify your &amp;quot;SMTP&amp;quot; and &amp;quot;smtp_port&amp;quot; setting in php.ini or use ini_set() in &lt;b&gt;C:\xampp\htdocs\opencart\upload\system\library\mail\mail.php&lt;/b&gt; on line &lt;b&gt;77&lt;/b&gt;&lt;b&gt;Warning&lt;/b&gt;: mail(): Failed to connect to mailserver at &amp;quot;localhost&amp;quot; port 25, verify your &amp;quot;SMTP&amp;quot; and &amp;quot;smtp_port&amp;quot; setting in php.ini or use ini_set() in &lt;b&gt;C:\xampp\htdocs\opencart\upload\system\library\mail\mail.php&lt;/b&gt; on line &lt;b&gt;77&lt;/b&gt;{&quot;redirect&quot;:&quot;http:\/\/localhost\/opencart\/upload\/index.php?route=checkout\/success&quot;}}
  (Session info: chrome=104.0.5112.102): SyntaxError: Unexpected token &#039;&lt;&#039;, &quot;&lt;b&gt;Warning&quot;... is not valid JSON
OK
&lt;b&gt;Warning&lt;/b&gt;: mail(): Failed to connect to mailserver at &amp;quot;localhost&amp;quot; port 25, verify your &amp;quot;SMTP&amp;quot; and &amp;quot;smtp_port&amp;quot; setting in php.ini or use ini_set() in &lt;b&gt;C:\xampp\htdocs\opencart\upload\system\library\mail\mail.php&lt;/b&gt; on line &lt;b&gt;77&lt;/b&gt;&lt;b&gt;Warning&lt;/b&gt;: mail(): Failed to connect to mailserver at &amp;quot;localhost&amp;quot; port 25, verify your &amp;quot;SMTP&amp;quot; and &amp;quot;smtp_port&amp;quot; setting in php.ini or use ini_set() in &lt;b&gt;C:\xampp\htdocs\opencart\upload\system\library\mail\mail.php&lt;/b&gt; on line &lt;b&gt;77&lt;/b&gt;{&quot;redirect&quot;:&quot;http:\/\/localhost\/opencart\/upload\/index.php?route=checkout\/success&quot;}
Build info: version: &#039;4.1.4&#039;, revision: &#039;535d840ee2&#039;
System info: host: &#039;DESKTOP-QUHMG70&#039;, ip: &#039;192.168.250.176&#039;, os.name: &#039;Windows 10&#039;, os.arch: &#039;amd64&#039;, os.version: &#039;10.0&#039;, java.version: &#039;17.0.2&#039;
Driver info: org.openqa.selenium.chrome.ChromeDriver
Command: [45c5fcc23fb05d4e058f33ffd393607e, close {}]
Capabilities {acceptInsecureCerts: false, browserName: chrome, browserVersion: 104.0.5112.102, chrome: {chromedriverVersion: 104.0.5112.79 (3cf3e8c8a07d..., userDataDir: C:\Users\Hp\AppData\Local\T...}, goog:chromeOptions: {debuggerAddress: localhost:25388}, javascriptEnabled: true, networkConnectionEnabled: false, pageLoadStrategy: normal, platform: WINDOWS, platformName: WINDOWS, proxy: Proxy(), se:cdp: ws://localhost:25388/devtoo..., se:cdpVersion: 104.0.5112.102, setWindowRect: true, strictFileInteractability: false, timeouts: {implicit: 0, pageLoad: 300000, script: 30000}, unhandledPromptBehavior: dismiss and notify, webauthn:extension:credBlob: true, webauthn:extension:largeBlob: true, webauthn:virtualAuthenticators: true}
Session ID: 45c5fcc23fb05d4e058f33ffd393607e" type="org.openqa.selenium.UnhandledAlertException">
      <![CDATA[org.openqa.selenium.UnhandledAlertException: unexpected alert open: {Alert text : SyntaxError: Unexpected token '<', "<b>Warning"... is not valid JSON
OK
<b>Warning</b>: mail(): Failed to connect to mailserver at &quot;localhost&quot; port 25, verify your &quot;SMTP&quot; and &quot;smtp_port&quot; setting in php.ini or use ini_set() in <b>C:\xampp\htdocs\opencart\upload\system\library\mail\mail.php</b> on line <b>77</b><b>Warning</b>: mail(): Failed to connect to mailserver at &quot;localhost&quot; port 25, verify your &quot;SMTP&quot; and &quot;smtp_port&quot; setting in php.ini or use ini_set() in <b>C:\xampp\htdocs\opencart\upload\system\library\mail\mail.php</b> on line <b>77</b>{"redirect":"http:\/\/localhost\/opencart\/upload\/index.php?route=checkout\/success"}}
  (Session info: chrome=104.0.5112.102): SyntaxError: Unexpected token '<', "<b>Warning"... is not valid JSON
OK
<b>Warning</b>: mail(): Failed to connect to mailserver at &quot;localhost&quot; port 25, verify your &quot;SMTP&quot; and &quot;smtp_port&quot; setting in php.ini or use ini_set() in <b>C:\xampp\htdocs\opencart\upload\system\library\mail\mail.php</b> on line <b>77</b><b>Warning</b>: mail(): Failed to connect to mailserver at &quot;localhost&quot; port 25, verify your &quot;SMTP&quot; and &quot;smtp_port&quot; setting in php.ini or use ini_set() in <b>C:\xampp\htdocs\opencart\upload\system\library\mail\mail.php</b> on line <b>77</b>{"redirect":"http:\/\/localhost\/opencart\/upload\/index.php?route=checkout\/success"}
Build info: version: '4.1.4', revision: '535d840ee2'
System info: host: 'DESKTOP-QUHMG70', ip: '192.168.250.176', os.name: 'Windows 10', os.arch: 'amd64', os.version: '10.0', java.version: '17.0.2'
Driver info: org.openqa.selenium.chrome.ChromeDriver
Command: [45c5fcc23fb05d4e058f33ffd393607e, close {}]
Capabilities {acceptInsecureCerts: false, browserName: chrome, browserVersion: 104.0.5112.102, chrome: {chromedriverVersion: 104.0.5112.79 (3cf3e8c8a07d..., userDataDir: C:\Users\Hp\AppData\Local\T...}, goog:chromeOptions: {debuggerAddress: localhost:25388}, javascriptEnabled: true, networkConnectionEnabled: false, pageLoadStrategy: normal, platform: WINDOWS, platformName: WINDOWS, proxy: Proxy(), se:cdp: ws://localhost:25388/devtoo..., se:cdpVersion: 104.0.5112.102, setWindowRect: true, strictFileInteractability: false, timeouts: {implicit: 0, pageLoad: 300000, script: 30000}, unhandledPromptBehavior: dismiss and notify, webauthn:extension:credBlob: true, webauthn:extension:largeBlob: true, webauthn:virtualAuthenticators: true}
Session ID: 45c5fcc23fb05d4e058f33ffd393607e
at org.openqa.selenium.remote.codec.w3c.W3CHttpResponseCodec.decode(W3CHttpResponseCodec.java:131)
at org.openqa.selenium.remote.codec.w3c.W3CHttpResponseCodec.decode(W3CHttpResponseCodec.java:53)
at org.openqa.selenium.remote.HttpCommandExecutor.execute(HttpCommandExecutor.java:184)
at org.openqa.selenium.remote.service.DriverCommandExecutor.invokeExecute(DriverCommandExecutor.java:167)
at org.openqa.selenium.remote.service.DriverCommandExecutor.execute(DriverCommandExecutor.java:142)
at org.openqa.selenium.remote.RemoteWebDriver.execute(RemoteWebDriver.java:567)
at org.openqa.selenium.remote.RemoteWebDriver.execute(RemoteWebDriver.java:622)
at org.openqa.selenium.remote.RemoteWebDriver.execute(RemoteWebDriver.java:626)
at org.openqa.selenium.remote.RemoteWebDriver.close(RemoteWebDriver.java:452)
at testBase.BaseClass.teadDown(BaseClass.java:68)
at java.base/jdk.internal.reflect.NativeMethodAccessorImpl.invoke0(Native Method)
at java.base/jdk.internal.reflect.NativeMethodAccessorImpl.invoke(NativeMethodAccessorImpl.java:77)
at java.base/jdk.internal.reflect.DelegatingMethodAccessorImpl.invoke(DelegatingMethodAccessorImpl.java:43)
at java.base/java.lang.reflect.Method.invoke(Method.java:568)
at org.testng.internal.MethodInvocationHelper.invokeMethod(MethodInvocationHelper.java:133)
at org.testng.internal.MethodInvocationHelper.invokeMethodConsideringTimeout(MethodInvocationHelper.java:62)
at org.testng.internal.ConfigInvoker.invokeConfigurationMethod(ConfigInvoker.java:340)
at org.testng.internal.ConfigInvoker.invokeConfigurations(ConfigInvoker.java:294)
at org.testng.internal.TestMethodWorker.invokeAfterClassMethods(TestMethodWorker.java:217)
at org.testng.internal.TestMethodWorker.run(TestMethodWorker.java:130)
at java.base/java.util.ArrayList.forEach(ArrayList.java:1511)
at org.testng.TestRunner.privateRun(TestRunner.java:770)
at org.testng.TestRunner.run(TestRunner.java:591)
at org.testng.SuiteRunner.runTest(SuiteRunner.java:402)
at org.testng.SuiteRunner.runSequentially(SuiteRunner.java:396)
at org.testng.SuiteRunner.privateRun(SuiteRunner.java:355)
at org.testng.SuiteRunner.run(SuiteRunner.java:304)
at org.testng.SuiteRunnerWorker.runSuite(SuiteRunnerWorker.java:53)
at org.testng.SuiteRunnerWorker.run(SuiteRunnerWorker.java:96)
at org.testng.TestNG.runSuitesSequentially(TestNG.java:1180)
at org.testng.TestNG.runSuitesLocally(TestNG.java:1102)
at org.testng.TestNG.runSuites(TestNG.java:1032)
at org.testng.TestNG.run(TestNG.java:1000)
at org.testng.remote.AbstractRemoteTestNG.run(AbstractRemoteTestNG.java:115)
at org.testng.remote.RemoteTestNG.initAndRun(RemoteTestNG.java:251)
at org.testng.remote.RemoteTestNG.main(RemoteTestNG.java:77)
]]>
    </error>
  </testcase> <!-- teadDown -->
</testsuite> <!-- testCases.TC_011_Checkout -->
